Arguments: 
  C:\Program Files\nodejs\node.exe C:\Users\mouni\AppData\Roaming\npm\node_modules\yarn\bin\yarn.js

PATH: 
  C:\Program Files\Common Files\Oracle\Java\javapath;C:\Program Files (x86)\Common Files\Oracle\Java\javapath;C:\Python311\Scripts\;C:\Python311\;C:\Windows\system32;C:\Windows;C:\Windows\System32\Wbem;C:\Windows\System32\WindowsPowerShell\v1.0\;C:\Windows\System32\OpenSSH\;C:\Program Files\dotnet\;C:\Program Files\nodejs\;C:\ProgramData\chocolatey\bin;C:\Users\mouni\AppData\Local\Android\Sdk\platform-tools;C:\Users\mouni\AppData\Local\Programs\Eclipse Adoptium\jdk-17.0.6.10-hotspot\bin;C:\Users\mouni\AppData\Local\Microsoft\WindowsApps;;C:\Users\mouni\AppData\Local\Programs\Microsoft VS Code\bin;C:\Users\mouni\AppData\Roaming\npm;C:\Program Files\JetBrains\IntelliJ IDEA 2022.3.2\bin;;C:\Users\mouni\.dotnet\tools

Yarn version: 
  1.22.19

Node version: 
  18.14.2

Platform: 
  win32 x64

Trace: 
  Error: EPERM: operation not permitted, unlink 'C:\Users\mouni\ForYou\node_modules\bufferutil\prebuilds\win32-x64\node.napi.node'

npm manifest: 
  {
    "name": "foryou",
    "version": "1.0.0",
    "main": "node_modules/expo/AppEntry.js",
    "scripts": {
      "start": "expo start",
      "android": "expo start --android",
      "ios": "expo start --ios",
      "web": "expo start --web"
    },
    "dependencies": {
      "@expo/vector-icons": "^13.0.0",
      "@react-native-async-storage/async-storage": "^1.18.1",
      "@react-navigation/native": "^6.1.6",
      "@react-navigation/native-stack": "^6.9.12",
      "@rneui/themed": "^4.0.0-rc.7",
      "@supabase/supabase-js": "^2.21.0",
      "@types/react-native-vector-icons": "^6.4.13",
      "expo": "~48.0.11",
      "expo-secure-store": "~12.1.1",
      "expo-status-bar": "~1.4.4",
      "firebase": "^9.20.0",
      "messagebird": "^4.0.1",
      "react": "18.2.0",
      "react-native": "0.71.6",
      "react-native-app-intro-slider": "^4.0.4",
      "react-native-elements": "^3.4.3",
      "react-native-safe-area-context": "^4.5.1",
      "react-native-sound": "^0.11.2",
      "react-native-url-polyfill": "^1.3.0",
      "react-native-vector-icons": "^9.2.0",
      "typescript": "^4.9.4"
    },
    "devDependencies": {
      "@babel/core": "^7.20.0"
    },
    "private": true
  }

yarn manifest: 
  No manifest

Lockfile: 
  No lockfile
